<?xml version="1.0" encoding="UTF-8"?>
<!-- Generated by org.testng.reporters.JUnitReportReporter -->
<testsuite hostname="Akeem" failures="0" tests="1" name="testCases.TC002_LoginTest" time="2.907" errors="0" timestamp="2024-08-27T21:41:06 CDT" skipped="0">
  <testcase classname="testCases.TC002_LoginTest" name="verify_Login" time="2.907"/>
  <system-out/>
</testsuite> <!-- testCases.TC002_LoginTest -->
