<?xml version="1.0" encoding="UTF-8"?>
<!-- Generated by org.testng.reporters.JUnitReportReporter -->
<testsuite hostname="Akeem" failures="0" tests="2" name="testCases.TC001_AccountRegistrationTest" time="9.728" errors="0" timestamp="2024-09-04T20:07:26 CDT" skipped="0">
  <testcase classname="testCases.TC001_AccountRegistrationTest" name="verify_account_registration" time="5.283"/>
  <system-out/>
  <testcase classname="testCases.TC001_AccountRegistrationTest" name="verify_account_registration" time="4.445"/>
  <system-out/>
</testsuite> <!-- testCases.TC001_AccountRegistrationTest -->
